This file contains any messages produced by compilers while
running configure, to aid debugging if configure makes a mistake.

It was created by configure, which was
generated by GNU Autoconf 2.59.  Invocation command line was

  $ ./configure 

## --------- ##
## Platform. ##
## --------- ##

hostname = spare-pki.cru.fr
uname -m = i686
uname -r = 2.6.20-1.2320.fc5smp
uname -s = Linux
uname -v = #1 SMP Tue Jun 12 19:40:16 EDT 2007

/usr/bin/uname -p = unknown
/bin/uname -X     = unknown

/bin/arch              = i686
/usr/bin/arch -k       = unknown
/usr/convex/getsysinfo = unknown
hostinfo               = unknown
/bin/machine           = unknown
/usr/bin/oslevel       = unknown
/bin/universe          = unknown

PATH: /usr/lib/qt-3.3/bin
PATH: /usr/kerberos/bin
PATH: /usr/local/bin
PATH: /bin
PATH: /usr/bin
PATH: /home/verdin/bin


## ----------- ##
## Core tests. ##
## ----------- ##

configure:1342: checking build system type
configure:1360: result: i686-pc-linux-gnu
configure:1368: checking host system type
configure:1382: result: i686-pc-linux-gnu
configure:1390: checking target system type
configure:1404: result: i686-pc-linux-gnu
configure:1433: checking for a BSD-compatible install
configure:1488: result: /usr/bin/install -c
configure:1499: checking whether build environment is sane
configure:1542: result: yes
configure:1607: checking for gawk
configure:1623: found /bin/gawk
configure:1633: result: gawk
configure:1643: checking whether make sets $(MAKE)
configure:1663: result: yes
configure:2063: checking for gcc
configure:2079: found /usr/bin/gcc
configure:2089: result: gcc
configure:2333: checking for C compiler version
configure:2336: gcc --version </dev/null >&5
gcc (GCC) 4.1.1 20070105 (Red Hat 4.1.1-51)
Copyright (C) 2006 Free Software Foundation, Inc.
This is free software; see the source for copying conditions.  There is NO
warranty; not even for MERCHANTABILITY or FITNESS FOR A PARTICULAR PURPOSE.

configure:2339: $? = 0
configure:2341: gcc -v </dev/null >&5
Using built-in specs.
Target: i386-redhat-linux
Configured with: ../configure --prefix=/usr --mandir=/usr/share/man --infodir=/usr/share/info --enable-shared --enable-threads=posix --enable-checking=release --with-system-zlib --enable-__cxa_atexit --disable-libunwind-exceptions --enable-libgcj-multifile --enable-languages=c,c++,objc,obj-c++,java,fortran,ada --enable-java-awt=gtk --disable-dssi --with-java-home=/usr/lib/jvm/java-1.4.2-gcj-1.4.2.0/jre --with-cpu=generic --host=i386-redhat-linux
Thread model: posix
gcc version 4.1.1 20070105 (Red Hat 4.1.1-51)
configure:2344: $? = 0
configure:2346: gcc -V </dev/null >&5
gcc: '-V' option must have argument
configure:2349: $? = 1
configure:2372: checking for C compiler default output file name
configure:2375: gcc    conftest.c  >&5
configure:2378: $? = 0
configure:2424: result: a.out
configure:2429: checking whether the C compiler works
configure:2435: ./a.out
configure:2438: $? = 0
configure:2455: result: yes
configure:2462: checking whether we are cross compiling
configure:2464: result: no
configure:2467: checking for suffix of executables
configure:2469: gcc -o conftest    conftest.c  >&5
configure:2472: $? = 0
configure:2497: result: 
configure:2503: checking for suffix of object files
configure:2524: gcc -c   conftest.c >&5
configure:2527: $? = 0
configure:2549: result: o
configure:2553: checking whether we are using the GNU C compiler
configure:2577: gcc -c   conftest.c >&5
configure:2583: $? = 0
configure:2587: test -z 
			 || test ! -s conftest.err
configure:2590: $? = 0
configure:2593: test -s conftest.o
configure:2596: $? = 0
configure:2609: result: yes
configure:2615: checking whether gcc accepts -g
configure:2636: gcc -c -g  conftest.c >&5
configure:2642: $? = 0
configure:2646: test -z 
			 || test ! -s conftest.err
configure:2649: $? = 0
configure:2652: test -s conftest.o
configure:2655: $? = 0
configure:2666: result: yes
configure:2683: checking for gcc option to accept ANSI C
configure:2753: gcc  -c -g -O2  conftest.c >&5
configure:2759: $? = 0
configure:2763: test -z 
			 || test ! -s conftest.err
configure:2766: $? = 0
configure:2769: test -s conftest.o
configure:2772: $? = 0
configure:2790: result: none needed
configure:2808: gcc -c -g -O2  conftest.c >&5
conftest.c:2: error: expected '=', ',', ';', 'asm' or '__attribute__' before 'me'
configure:2814: $? = 1
configure: failed program was:
| #ifndef __cplusplus
|   choke me
| #endif
configure:2958: checking for style of include used by make
configure:2986: result: GNU
configure:3014: checking dependency style of gcc
configure:3104: result: none
configure:3121: checking whether make sets $(MAKE)
configure:3141: result: yes
configure:3156: checking how to run the C preprocessor
configure:3191: gcc -E  conftest.c
configure:3197: $? = 0
configure:3229: gcc -E  conftest.c
conftest.c:9:28: error: ac_nonexistent.h: No such file or directory
configure:3235: $? = 1
configure: failed program was:
| /* confdefs.h.  */
| 
| #define PACKAGE_NAME ""
| #define PACKAGE_TARNAME ""
| #define PACKAGE_VERSION ""
| #define PACKAGE_STRING ""
| #define PACKAGE_BUGREPORT ""
| /* end confdefs.h.  */
| #include <ac_nonexistent.h>
configure:3274: result: gcc -E
configure:3298: gcc -E  conftest.c
configure:3304: $? = 0
configure:3336: gcc -E  conftest.c
conftest.c:9:28: error: ac_nonexistent.h: No such file or directory
configure:3342: $? = 1
configure: failed program was:
| /* confdefs.h.  */
| 
| #define PACKAGE_NAME ""
| #define PACKAGE_TARNAME ""
| #define PACKAGE_VERSION ""
| #define PACKAGE_STRING ""
| #define PACKAGE_BUGREPORT ""
| /* end confdefs.h.  */
| #include <ac_nonexistent.h>
configure:3386: checking for egrep
configure:3396: result: grep -E
configure:3402: checking for AIX
configure:3424: result: no
configure:3433: checking for perl
configure:3451: found /usr/bin/perl
configure:3464: result: /usr/bin/perl
configure:3481: checking for suidperl
configure:3499: found /usr/bin/suidperl
configure:3512: result: /usr/bin/suidperl
configure:3523: checking for sudo
configure:3541: found /usr/bin/sudo
configure:3554: result: /usr/bin/sudo
configure:3565: checking for mhonarc
configure:3583: found /usr/bin/mhonarc
configure:3596: result: /usr/bin/mhonarc
configure:3613: checking for openssl
configure:3631: found /usr/bin/openssl
configure:3644: result: /usr/bin/openssl
configure:3661: checking for cvs2cl.pl
configure:3692: result: /usr/local/bin
configure:3703: checking for msgfmt
configure:3721: found /usr/bin/msgfmt
configure:3734: result: /usr/bin/msgfmt
configure:3745: checking for sh
configure:3763: found /bin/sh
configure:3776: result: /bin/sh
configure:3856: checking whether to enable maintainer-specific portions of Makefiles
configure:3865: result: no
configure:4029: creating ./config.status

## ---------------------- ##
## Running config.status. ##
## ---------------------- ##

This file was extended by config.status, which was
generated by GNU Autoconf 2.59.  Invocation command line was

  CONFIG_FILES    = 
  CONFIG_HEADERS  = 
  CONFIG_LINKS    = 
  CONFIG_COMMANDS = 
  $ ./config.status 

on spare-pki.cru.fr

config.status:734: creating Makefile
config.status:917: executing depfiles commands

## ---------------- ##
## Cache variables. ##
## ---------------- ##

ac_cv_build=i686-pc-linux-gnu
ac_cv_build_alias=i686-pc-linux-gnu
ac_cv_c_compiler_gnu=yes
ac_cv_env_CC_set=
ac_cv_env_CC_value=
ac_cv_env_CFLAGS_set=
ac_cv_env_CFLAGS_value=
ac_cv_env_CPPFLAGS_set=
ac_cv_env_CPPFLAGS_value=
ac_cv_env_CPP_set=
ac_cv_env_CPP_value=
ac_cv_env_LDFLAGS_set=
ac_cv_env_LDFLAGS_value=
ac_cv_env_build_alias_set=
ac_cv_env_build_alias_value=
ac_cv_env_host_alias_set=
ac_cv_env_host_alias_value=
ac_cv_env_target_alias_set=
ac_cv_env_target_alias_value=
ac_cv_exeext=
ac_cv_host=i686-pc-linux-gnu
ac_cv_host_alias=i686-pc-linux-gnu
ac_cv_objext=o
ac_cv_path_CVS2CL=/usr/local/bin
ac_cv_path_MHONARC=/usr/bin/mhonarc
ac_cv_path_MSGFMT=/usr/bin/msgfmt
ac_cv_path_OPENSSL=/usr/bin/openssl
ac_cv_path_PERL=/usr/bin/perl
ac_cv_path_SH=/bin/sh
ac_cv_path_SUDO=/usr/bin/sudo
ac_cv_path_SUIDPERL=/usr/bin/suidperl
ac_cv_path_install='/usr/bin/install -c'
ac_cv_prog_AWK=gawk
ac_cv_prog_CPP='gcc -E'
ac_cv_prog_ac_ct_CC=gcc
ac_cv_prog_cc_g=yes
ac_cv_prog_cc_stdc=
ac_cv_prog_egrep='grep -E'
ac_cv_prog_make_make_set=yes
ac_cv_target=i686-pc-linux-gnu
ac_cv_target_alias=i686-pc-linux-gnu
am_cv_CC_dependencies_compiler_type=none

## ----------------- ##
## Output variables. ##
## ----------------- ##

ACLOCAL='${SHELL} /usr/local/sympa/src/sympa-5.4.7/missing --run aclocal-1.9'
AMDEPBACKSLASH='\'
AMDEP_FALSE='#'
AMDEP_TRUE=''
AMTAR='${SHELL} /usr/local/sympa/src/sympa-5.4.7/missing --run tar'
AUTOCONF='${SHELL} /usr/local/sympa/src/sympa-5.4.7/missing --run autoconf'
AUTOHEADER='${SHELL} /usr/local/sympa/src/sympa-5.4.7/missing --run autoheader'
AUTOMAKE='${SHELL} /usr/local/sympa/src/sympa-5.4.7/missing --run automake-1.9'
AWK='gawk'
BINDIR='${prefix}/bin'
CC='gcc'
CCDEPMODE='depmode=none'
CFLAGS='-g -O2'
CGIDIR='${prefix}/bin'
CONFDIR='/etc'
CPP='gcc -E'
CPPFLAGS=''
CVS2CL='/usr/local/bin'
CYGPATH_W='echo'
DATADIR='${prefix}/bin/etc'
DEFS='-DPACKAGE_NAME=\"\" -DPACKAGE_TARNAME=\"\" -DPACKAGE_VERSION=\"\" -DPACKAGE_STRING=\"\" -DPACKAGE_BUGREPORT=\"\" '
DEPDIR='.deps'
DOCDIR='${prefix}/doc'
ECHO_C=''
ECHO_N='-n'
ECHO_T=''
EGREP='grep -E'
ETCDIR='${prefix}/etc'
EXEEXT=''
EXPLDIR='${prefix}/expl'
GROUP='sympa'
INITDIR='/etc/rc.d/init.d'
INSTALL_DATA='${INSTALL} -m 644'
INSTALL_PROGRAM='${INSTALL}'
INSTALL_SCRIPT='${INSTALL}'
INSTALL_STRIP_PROGRAM='${SHELL} $(install_sh) -c -s'
LDFLAGS=''
LIBDIR='${prefix}/bin'
LIBEXECDIR='${prefix}/bin'
LIBOBJS=''
LIBS=''
LOCALEDIR='${prefix}/locale'
LOCKDIR='/var/lock/subsys'
LTLIBOBJS=''
MAINT='#'
MAINTAINER_MODE_FALSE=''
MAINTAINER_MODE_TRUE='#'
MAJOR_VERSION='5'
MAKEINFO='${SHELL} /usr/local/sympa/src/sympa-5.4.7/missing --run makeinfo'
MANDIR='/usr/local/man'
MHONARC='/usr/bin/mhonarc'
MICRO_VERSION='7'
MINOR_VERSION='4'
MSGFMT='/usr/bin/msgfmt'
NEWALIASES='/usr/bin/newaliases'
NEWALIASES_ARG=''
OBJEXT='o'
OPENSSL='/usr/bin/openssl'
PACKAGE='sympa'
PACKAGE_BUGREPORT=''
PACKAGE_NAME=''
PACKAGE_STRING=''
PACKAGE_TARNAME=''
PACKAGE_VERSION=''
PATH_SEPARATOR=':'
PERL='/usr/bin/perl'
PIDDIR='${prefix}'
POSTMAP='/usr/sbin/postmap'
POSTMAP_ARG='/etc/mail/sympa_virtual'
SAMPLEDIR='${prefix}/sample'
SBINDIR='${prefix}/bin'
SCRIPTDIR='${prefix}/bin'
SENDMAIL_ALIASES='/etc/mail/sympa_aliases'
SET_MAKE=''
SH='/bin/sh'
SHELL='/bin/sh'
SPOOLDIR='${prefix}/spool'
STRIP=''
SUDO='/usr/bin/sudo'
SUIDPERL='/usr/bin/suidperl'
USER='sympa'
VERSION='5.4.7'
VIRTUAL_ALIASES='/etc/mail/sympa_virtual'
ac_ct_CC='gcc'
ac_ct_STRIP=''
am__fastdepCC_FALSE=''
am__fastdepCC_TRUE='#'
am__include='include'
am__leading_dot='.'
am__quote=''
am__tar='${AMTAR} chof - "$$tardir"'
am__untar='${AMTAR} xf -'
bindir='${exec_prefix}/bin'
build='i686-pc-linux-gnu'
build_alias=''
build_cpu='i686'
build_os='linux-gnu'
build_vendor='pc'
datadir='${prefix}/share'
enable_secure=''
exec_prefix='${prefix}'
host='i686-pc-linux-gnu'
host_alias=''
host_cpu='i686'
host_os='linux-gnu'
host_vendor='pc'
includedir='${prefix}/include'
infodir='${prefix}/info'
install_sh='/usr/local/sympa/src/sympa-5.4.7/install-sh'
libdir='${exec_prefix}/lib'
libexecdir='${exec_prefix}/libexec'
localstatedir='${prefix}/var'
mandir='${prefix}/man'
mkdir_p='mkdir -p --'
oldincludedir='/usr/include'
prefix='/home/sympa'
program_transform_name='s,x,x,'
sbindir='${exec_prefix}/sbin'
sharedstatedir='${prefix}/com'
sysconfdir='${prefix}/etc'
target='i686-pc-linux-gnu'
target_alias=''
target_cpu='i686'
target_os='linux-gnu'
target_vendor='pc'

## ----------- ##
## confdefs.h. ##
## ----------- ##

#define PACKAGE_BUGREPORT ""
#define PACKAGE_NAME ""
#define PACKAGE_STRING ""
#define PACKAGE_TARNAME ""
#define PACKAGE_VERSION ""

configure: exit 0
